<?xml version="1.0" encoding="UTF-8"?>
<testsuite xmlns:xsi="http://www.w3.org/2001/XMLSchema-instance" xsi:schemaLocation="https://maven.apache.org/surefire/maven-surefire-plugin/xsd/surefire-test-report.xsd" name="MULE_EE.4.3.0.PostUploadCsvUpdateLogWithCsvDataOperationTest" time="0.0" failures="0" errors="1" skipped="0" tests="1">
  <properties>
[...]
</properties>
  <testcase time="0.0" name="PostUploadCsvUpdateLogWithCsvDataOperationTest.xml" classname="MULE_EE.4.3.0.PostUploadCsvUpdateLogWithCsvDataOperationTest">
    <error>java.lang.IllegalStateException: Cannot start embedded container&#xd;
	at org.mule.runtime.module.embedded.internal.DefaultEmbeddedContainerBuilder$1.start(DefaultEmbeddedContainerBuilder.java:171)&#xd;
	at org.mule.munit.remote.container.EmbeddedContainer.start(EmbeddedContainer.java:93)&#xd;
	at org.mule.munit.remote.container.ContainerSuiteRunDispatcher.runSuites(ContainerSuiteRunDispatcher.java:142)&#xd;
	at org.mule.munit.remote.RemoteRunner.run(RemoteRunner.java:85)&#xd;
	at org.mule.munit.remote.RemoteRunner.main(RemoteRunner.java:67)&#xd;
Caused by: java.lang.IllegalArgumentException: Could not find embedded container bom artifact&#xd;
	at org.mule.runtime.module.embedded.internal.MavenContainerClassLoaderFactory.create(MavenContainerClassLoaderFactory.java:83)&#xd;
	at org.mule.runtime.module.embedded.internal.DefaultEmbeddedContainerBuilder$1.start(DefaultEmbeddedContainerBuilder.java:148)&#xd;
	... 4 more&#xd;
Caused by: org.mule.maven.client.api.BundleDependenciesResolutionException: org.eclipse.aether.resolution.ArtifactDescriptorException: Failed to read artifact descriptor for com.mulesoft.mule.distributions:mule-runtime-impl-bom:pom:4.3.0&#xd;
	at org.mule.maven.client.internal.AetherMavenClient.resolveBundleDescriptorDependencies(AetherMavenClient.java:312)&#xd;
	at org.mule.maven.client.internal.AetherMavenClient.resolveBundleDescriptorDependencies(AetherMavenClient.java:278)&#xd;
	at org.mule.runtime.module.embedded.internal.MavenContainerClassLoaderFactory.create(MavenContainerClassLoaderFactory.java:55)&#xd;
	... 5 more&#xd;
Caused by: org.eclipse.aether.resolution.ArtifactDescriptorException: Failed to read artifact descriptor for com.mulesoft.mule.distributions:mule-runtime-impl-bom:pom:4.3.0&#xd;
	at org.apache.maven.repository.internal.DefaultArtifactDescriptorReader.loadPom(DefaultArtifactDescriptorReader.java:282)&#xd;
	at org.apache.maven.repository.internal.DefaultArtifactDescriptorReader.readArtifactDescriptor(DefaultArtifactDescriptorReader.java:198)&#xd;
	at org.eclipse.aether.internal.impl.DefaultRepositorySystem.readArtifactDescriptor(DefaultRepositorySystem.java:287)&#xd;
	at org.mule.maven.client.internal.AetherMavenClient.resolveBundleDescriptorDependencies(AetherMavenClient.java:290)&#xd;
	... 7 more&#xd;
Caused by: org.eclipse.aether.resolution.ArtifactResolutionException: Could not find artifact com.mulesoft.mule.distributions:mule-runtime-impl-bom:pom:4.3.0 in maven-central (https://repo.maven.apache.org/maven2/)&#xd;
	at org.eclipse.aether.internal.impl.DefaultArtifactResolver.resolve(DefaultArtifactResolver.java:444)&#xd;
	at org.eclipse.aether.internal.impl.DefaultArtifactResolver.resolveArtifacts(DefaultArtifactResolver.java:246)&#xd;
	at org.eclipse.aether.internal.impl.DefaultArtifactResolver.resolveArtifact(DefaultArtifactResolver.java:223)&#xd;
	at org.apache.maven.repository.internal.DefaultArtifactDescriptorReader.loadPom(DefaultArtifactDescriptorReader.java:267)&#xd;
	... 10 more&#xd;
Caused by: org.eclipse.aether.transfer.ArtifactNotFoundException: Could not find artifact com.mulesoft.mule.distributions:mule-runtime-impl-bom:pom:4.3.0 in maven-central (https://repo.maven.apache.org/maven2/)&#xd;
	at org.eclipse.aether.connector.basic.ArtifactTransportListener.transferFailed(ArtifactTransportListener.java:39)&#xd;
	at org.eclipse.aether.connector.basic.BasicRepositoryConnector$TaskRunner.run(BasicRepositoryConnector.java:355)&#xd;
	at org.eclipse.aether.util.concurrency.RunnableErrorForwarder$1.run(RunnableErrorForwarder.java:67)&#xd;
	at org.eclipse.aether.connector.basic.BasicRepositoryConnector$DirectExecutor.execute(BasicRepositoryConnector.java:581)&#xd;
	at org.eclipse.aether.connector.basic.BasicRepositoryConnector.get(BasicRepositoryConnector.java:249)&#xd;
	at org.eclipse.aether.internal.impl.DefaultArtifactResolver.performDownloads(DefaultArtifactResolver.java:520)&#xd;
	at org.eclipse.aether.internal.impl.DefaultArtifactResolver.resolve(DefaultArtifactResolver.java:421)&#xd;
	... 13 more&#xd;
</error>
  </testcase>
</testsuite>